wx/build/outputs/logs/manifest-merger-debug-report.txt
-- Merging decision tree log ---
manifest
ADDED from Poly/wx/AndroidManifest.xml:2:1-184:12
INJECTED from Poly/wx/AndroidManifest.xml:2:1-184:12
INJECTED from Poly/wx/AndroidManifest.xml:2:1-184:12
INJECTED from Poly/wx/AndroidManifest.xml:2:1-184:12
INJECTED from Poly/wx/AndroidManifest.xml:2:1-184:12
INJECTED from Poly/wx/AndroidManifest.xml:2:1-184:12
INJECTED from Poly/wx/AndroidManifest.xml:2:1-184:12
	package
		ADDED from Poly/wx/AndroidManifest.xml:4:5-38
		INJECTED from Poly/wx/AndroidManifest.xml
		INJECTED from Poly/wx/AndroidManifest.xml
	android:versionName
		ADDED from Poly/wx/AndroidManifest.xml:6:5-30
		INJECTED from Poly/wx/AndroidManifest.xml
		INJECTED from Poly/wx/AndroidManifest.xml
	xmlns:tools
		ADDED from Poly/wx/AndroidManifest.xml:3:5-51
	xmlns:android
		ADDED from Poly/wx/AndroidManifest.xml:2:11-69
	android:versionCode
		ADDED from Poly/wx/AndroidManifest.xml:5:5-28
		INJECTED from Poly/wx/AndroidManifest.xml
		INJECTED from Poly/wx/AndroidManifest.xml
uses-permission#android.permission.WRITE_EXTERNAL_STORAGE
ADDED from Poly/wx/AndroidManifest.xml:8:5-81
	android:name
		ADDED from Poly/wx/AndroidManifest.xml:8:22-78
uses-permission#android.permission.READ_EXTERNAL_STORAGE
ADDED from Poly/wx/AndroidManifest.xml:9:5-80
	android:name
		ADDED from Poly/wx/AndroidManifest.xml:9:22-77
uses-permission#android.permission.ACCESS_NETWORK_STATE
ADDED from Poly/wx/AndroidManifest.xml:10:5-79
	android:name
		ADDED from Poly/wx/AndroidManifest.xml:10:22-76
uses-permission#android.permission.ACCESS_WIFI_STATE
ADDED from Poly/wx/AndroidManifest.xml:11:5-76
	android:name
		ADDED from Poly/wx/AndroidManifest.xml:11:22-73
uses-permission#android.permission.READ_PHONE_STATE
ADDED from Poly/wx/AndroidManifest.xml:12:5-75
	android:name
		ADDED from Poly/wx/AndroidManifest.xml:12:22-72
uses-permission#android.permission.READ_SETTINGS
ADDED from Poly/wx/AndroidManifest.xml:13:5-72
	android:name
		ADDED from Poly/wx/AndroidManifest.xml:13:22-69
uses-permission#android.permission.WRITE_SETTINGS
ADDED from Poly/wx/AndroidManifest.xml:14:5-73
	android:name
		ADDED from Poly/wx/AndroidManifest.xml:14:22-70
uses-permission#android.permission.INTERNET
ADDED from Poly/wx/AndroidManifest.xml:15:5-67
	android:name
		ADDED from Poly/wx/AndroidManifest.xml:15:22-64
uses-permission#android.permission.GET_TASKS
ADDED from Poly/wx/AndroidManifest.xml:16:5-68
	android:name
		ADDED from Poly/wx/AndroidManifest.xml:16:22-65
uses-permission#android.permission.RECORD_AUDIO
ADDED from Poly/wx/AndroidManifest.xml:17:5-71
	android:name
		ADDED from Poly/wx/AndroidManifest.xml:17:22-68
uses-permission#android.permission.WAKE_LOCK
ADDED from Poly/wx/AndroidManifest.xml:18:5-68
	android:name
		ADDED from Poly/wx/AndroidManifest.xml:18:22-65
uses-permission#android.permission.MODIFY_AUDIO_SETTINGS
ADDED from Poly/wx/AndroidManifest.xml:19:5-80
	android:name
		ADDED from Poly/wx/AndroidManifest.xml:19:22-77
uses-permission#android.permission.VIBRATE
ADDED from Poly/wx/AndroidManifest.xml:20:5-66
	android:name
		ADDED from Poly/wx/AndroidManifest.xml:20:22-63
uses-permission#android.permission.REQUEST_IGNORE_BATTERY_OPTIMIZATIONS
ADDED from Poly/wx/AndroidManifest.xml:21:5-95
	android:name
		ADDED from Poly/wx/AndroidManifest.xml:21:22-92
uses-permission#com.sec.android.provider.badge.permission.READ
ADDED from Poly/wx/AndroidManifest.xml:26:5-86
	android:name
		ADDED from Poly/wx/AndroidManifest.xml:26:22-83
uses-permission#com.sec.android.provider.badge.permission.WRITE
ADDED from Poly/wx/AndroidManifest.xml:27:5-87
	android:name
		ADDED from Poly/wx/AndroidManifest.xml:27:22-84
uses-permission#com.htc.launcher.permission.READ_SETTINGS
ADDED from Poly/wx/AndroidManifest.xml:28:5-81
	android:name
		ADDED from Poly/wx/AndroidManifest.xml:28:22-78
uses-permission#com.htc.launcher.permission.UPDATE_SHORTCUT
ADDED from Poly/wx/AndroidManifest.xml:29:5-83
	android:name
		ADDED from Poly/wx/AndroidManifest.xml:29:22-80
uses-permission#com.sonyericsson.home.permission.BROADCAST_BADGE
ADDED from Poly/wx/AndroidManifest.xml:30:5-88
	android:name
		ADDED from Poly/wx/AndroidManifest.xml:30:22-85
uses-permission#com.anddoes.launcher.permission.UPDATE_COUNT
ADDED from Poly/wx/AndroidManifest.xml:31:5-84
	android:name
		ADDED from Poly/wx/AndroidManifest.xml:31:22-81
uses-permission#com.majeur.launcher.permission.UPDATE_BADGE
ADDED from Poly/wx/AndroidManifest.xml:32:5-83
	android:name
		ADDED from Poly/wx/AndroidManifest.xml:32:22-80
uses-permission#com.huawei.android.launcher.permission.READ_SETTINGS
ADDED from Poly/wx/AndroidManifest.xml:33:5-91
	android:name
		ADDED from Poly/wx/AndroidManifest.xml:33:22-89
uses-permission#com.huawei.android.launcher.permission.WRITE_SETTINGS
ADDED from Poly/wx/AndroidManifest.xml:34:5-92
	android:name
		ADDED from Poly/wx/AndroidManifest.xml:34:22-90
uses-permission#com.huawei.android.launcher.permission.CHANGE_BADGE
ADDED from Poly/wx/AndroidManifest.xml:35:5-90
	android:name
		ADDED from Poly/wx/AndroidManifest.xml:35:22-88
application
ADDED from Poly/wx/AndroidManifest.xml:38:5-182:19
activity#com.alibaba.mobileim.ui.WxChattingActvity
ADDED from Poly/wx/AndroidManifest.xml:44:9-50:70
	android:screenOrientation
		ADDED from Poly/wx/AndroidManifest.xml:47:13-49
	android:launchMode
		ADDED from Poly/wx/AndroidManifest.xml:48:13-43
	android:windowSoftInputMode
		ADDED from Poly/wx/AndroidManifest.xml:50:13-67
	android:configChanges
		ADDED from Poly/wx/AndroidManifest.xml:46:13-63
	android:theme
		ADDED from Poly/wx/AndroidManifest.xml:49:13-69
	android:name
		ADDED from Poly/wx/AndroidManifest.xml:45:13-69
activity#com.alibaba.mobileim.ui.WxConversationActivity
ADDED from Poly/wx/AndroidManifest.xml:53:9-58:69
	android:screenOrientation
		ADDED from Poly/wx/AndroidManifest.xml:56:13-49
	android:launchMode
		ADDED from Poly/wx/AndroidManifest.xml:57:13-43
	android:configChanges
		ADDED from Poly/wx/AndroidManifest.xml:55:13-63
	android:theme
		ADDED from Poly/wx/AndroidManifest.xml:58:13-66
	android:name
		ADDED from Poly/wx/AndroidManifest.xml:54:13-74
activity#com.alibaba.mobileim.ui.chat.MultiImageActivity
ADDED from Poly/wx/AndroidManifest.xml:61:10-68:16
	android:screenOrientation
		ADDED from Poly/wx/AndroidManifest.xml:64:13-47
	android:launchMode
		ADDED from Poly/wx/AndroidManifest.xml:63:13-43
	android:hardwareAccelerated
		ADDED from Poly/wx/AndroidManifest.xml:67:14-49
	android:windowSoftInputMode
		ADDED from Poly/wx/AndroidManifest.xml:66:13-52
	android:theme
		ADDED from Poly/wx/AndroidManifest.xml:65:13-64
	android:name
		ADDED from Poly/wx/AndroidManifest.xml:62:13-75
activity#com.alibaba.mobileim.kit.imageviewer.ShowImageActivity
ADDED from Poly/wx/AndroidManifest.xml:70:9-76:50
	android:screenOrientation
		ADDED from Poly/wx/AndroidManifest.xml:73:13-49
	android:launchMode
		ADDED from Poly/wx/AndroidManifest.xml:72:13-43
	android:hardwareAccelerated
		ADDED from Poly/wx/AndroidManifest.xml:76:13-48
	android:windowSoftInputMode
		ADDED from Poly/wx/AndroidManifest.xml:75:13-52
	android:theme
		ADDED from Poly/wx/AndroidManifest.xml:74:13-64
	android:name
		ADDED from Poly/wx/AndroidManifest.xml:71:13-82
activity#com.alibaba.mobileim.ui.multi.lightservice.MultiPickGalleryActivity
ADDED from Poly/wx/AndroidManifest.xml:78:9-81:72
	android:screenOrientation
		ADDED from Poly/wx/AndroidManifest.xml:80:13-49
	android:configChanges
		ADDED from Poly/wx/AndroidManifest.xml:79:14-64
	android:theme
		ADDED from Poly/wx/AndroidManifest.xml:81:15-68
	android:name
		ADDED from Poly/wx/AndroidManifest.xml:78:19-101
activity#com.alibaba.mobileim.ui.FeedbackActvity
ADDED from Poly/wx/AndroidManifest.xml:84:9-90:70
	android:screenOrientation
		ADDED from Poly/wx/AndroidManifest.xml:87:13-49
	android:launchMode
		ADDED from Poly/wx/AndroidManifest.xml:88:13-43
	android:windowSoftInputMode
		ADDED from Poly/wx/AndroidManifest.xml:90:13-67
	android:configChanges
		ADDED from Poly/wx/AndroidManifest.xml:86:13-63
	android:theme
		ADDED from Poly/wx/AndroidManifest.xml:89:13-59
	android:name
		ADDED from Poly/wx/AndroidManifest.xml:85:13-67
service#com.alibaba.mobileim.appmonitor.tiptool.TooltipService
ADDED from Poly/wx/AndroidManifest.xml:94:3-96:14
	android:exported
		ADDED from Poly/wx/AndroidManifest.xml:95:79-103
	android:name
		ADDED from Poly/wx/AndroidManifest.xml:95:8-77
service#com.alibaba.tcms.service.TCMSService
ADDED from Poly/wx/AndroidManifest.xml:99:9-103:19
	android:process
		ADDED from Poly/wx/AndroidManifest.xml:102:13-43
	android:exported
		ADDED from Poly/wx/AndroidManifest.xml:101:13-36
	android:name
		ADDED from Poly/wx/AndroidManifest.xml:100:13-64
service#com.alibaba.tcms.service.TCMSService$TCMSKernalService
ADDED from Poly/wx/AndroidManifest.xml:104:9-107:19
	android:process
		ADDED from Poly/wx/AndroidManifest.xml:106:13-43
	android:name
		ADDED from Poly/wx/AndroidManifest.xml:105:13-82
service#com.alibaba.tcms.service.ListenerService
ADDED from Poly/wx/AndroidManifest.xml:110:9-112:19
	android:exported
		ADDED from Poly/wx/AndroidManifest.xml:111:69-92
	android:name
		ADDED from Poly/wx/AndroidManifest.xml:111:13-68
activity#com.alibaba.mobileim.kit.CloudPwdSettingHintActivity
ADDED from Poly/wx/AndroidManifest.xml:115:9-120:69
	android:screenOrientation
		ADDED from Poly/wx/AndroidManifest.xml:119:13-49
	android:launchMode
		ADDED from Poly/wx/AndroidManifest.xml:118:13-43
	android:configChanges
		ADDED from Poly/wx/AndroidManifest.xml:117:13-63
	android:theme
		ADDED from Poly/wx/AndroidManifest.xml:120:13-66
	android:name
		ADDED from Poly/wx/AndroidManifest.xml:116:13-80
activity#com.alibaba.mobileim.login.WaitProgresssActivity
ADDED from Poly/wx/AndroidManifest.xml:123:9-85
	android:name
		ADDED from Poly/wx/AndroidManifest.xml:123:19-82
activity#com.alibaba.mobileim.ui.atmessage.AtMsgListActivity
ADDED from Poly/wx/AndroidManifest.xml:126:9-131:68
	android:screenOrientation
		ADDED from Poly/wx/AndroidManifest.xml:129:13-49
	android:launchMode
		ADDED from Poly/wx/AndroidManifest.xml:130:13-44
	android:configChanges
		ADDED from Poly/wx/AndroidManifest.xml:128:13-63
	android:theme
		ADDED from Poly/wx/AndroidManifest.xml:131:13-66
	android:name
		ADDED from Poly/wx/AndroidManifest.xml:127:13-79
activity#com.alibaba.mobileim.ui.atmessage.SendAtMessageDetailActivity
ADDED from Poly/wx/AndroidManifest.xml:133:9-138:68
	android:screenOrientation
		ADDED from Poly/wx/AndroidManifest.xml:137:13-49
	android:launchMode
		ADDED from Poly/wx/AndroidManifest.xml:136:13-44
	android:configChanges
		ADDED from Poly/wx/AndroidManifest.xml:135:13-63
	android:theme
		ADDED from Poly/wx/AndroidManifest.xml:138:13-66
	android:name
		ADDED from Poly/wx/AndroidManifest.xml:134:13-89
activity#com.alibaba.mobileim.kit.chat.SelectTribeMemberActivity
ADDED from Poly/wx/AndroidManifest.xml:140:9-145:70
	android:screenOrientation
		ADDED from Poly/wx/AndroidManifest.xml:143:13-49
	android:windowSoftInputMode
		ADDED from Poly/wx/AndroidManifest.xml:145:13-67
	android:configChanges
		ADDED from Poly/wx/AndroidManifest.xml:142:13-63
	android:theme
		ADDED from Poly/wx/AndroidManifest.xml:144:13-66
	android:name
		ADDED from Poly/wx/AndroidManifest.xml:141:13-83
activity#com.alibaba.mobileim.kit.chat.EnlargeChattingTextActivity
ADDED from Poly/wx/AndroidManifest.xml:148:9-152:70
	android:windowSoftInputMode
		ADDED from Poly/wx/AndroidManifest.xml:152:13-67
	android:configChanges
		ADDED from Poly/wx/AndroidManifest.xml:150:13-63
	android:theme
		ADDED from Poly/wx/AndroidManifest.xml:151:13-60
	android:name
		ADDED from Poly/wx/AndroidManifest.xml:149:13-85
activity#com.alibaba.tcms.service.MonitorActivity
ADDED from Poly/wx/AndroidManifest.xml:154:9-159:64
	android:process
		ADDED from Poly/wx/AndroidManifest.xml:158:13-43
	android:launchMode
		ADDED from Poly/wx/AndroidManifest.xml:157:13-48
	android:exported
		ADDED from Poly/wx/AndroidManifest.xml:156:13-36
	android:theme
		ADDED from Poly/wx/AndroidManifest.xml:159:13-61
	android:name
		ADDED from Poly/wx/AndroidManifest.xml:155:13-68
activity#com.alibaba.mobileim.kit.video.IMPlayVideoDetailActivity
ADDED from Poly/wx/AndroidManifest.xml:161:9-180:20
	android:screenOrientation
		ADDED from Poly/wx/AndroidManifest.xml:164:13-49
	android:configChanges
		ADDED from Poly/wx/AndroidManifest.xml:163:13-63
	android:theme
		ADDED from Poly/wx/AndroidManifest.xml:165:13-60
	android:name
		ADDED from Poly/wx/AndroidManifest.xml:162:13-84
intent-filter#action:name:android.intent.action.VIEW+category:name:android.intent.category.BROWSABLE+category:name:android.intent.category.DEFAULT+data:host:svideo.m.taobao.com+data:host:svideo.m.taobao.com+data:path:/av/implayer.html+data:path:/av/implayer.html+data:path:/av/implayer.html+data:scheme:http+data:scheme:https
ADDED from Poly/wx/AndroidManifest.xml:166:13-179:29
action#android.intent.action.VIEW
ADDED from Poly/wx/AndroidManifest.xml:167:17-69
	android:name
		ADDED from Poly/wx/AndroidManifest.xml:167:25-66
category#android.intent.category.DEFAULT
ADDED from Poly/wx/AndroidManifest.xml:168:17-76
	android:name
		ADDED from Poly/wx/AndroidManifest.xml:168:27-73
category#android.intent.category.BROWSABLE
ADDED from Poly/wx/AndroidManifest.xml:169:17-78
	android:name
		ADDED from Poly/wx/AndroidManifest.xml:169:27-75
data
ADDED from Poly/wx/AndroidManifest.xml:170:17-173:45
	android:path
		ADDED from Poly/wx/AndroidManifest.xml:172:21-53
	android:host
		ADDED from Poly/wx/AndroidManifest.xml:171:21-55
	android:scheme
		ADDED from Poly/wx/AndroidManifest.xml:173:21-42
uses-sdk
INJECTED from Poly/wx/AndroidManifest.xml reason: use-sdk injection requested
INJECTED from Poly/wx/AndroidManifest.xml
INJECTED from Poly/wx/AndroidManifest.xml
INJECTED from Poly/wx/AndroidManifest.xml
INJECTED from Poly/wx/AndroidManifest.xml
	android:targetSdkVersion
		INJECTED from Poly/wx/AndroidManifest.xml
		ADDED from Poly/wx/AndroidManifest.xml
		INJECTED from Poly/wx/AndroidManifest.xml
	android:minSdkVersion
		INJECTED from Poly/wx/AndroidManifest.xml
		ADDED from Poly/wx/AndroidManifest.xml
		INJECTED from Poly/wx/AndroidManifest.xml